<?xml version="1.0" encoding="UTF-8"?>
<!-- Generated by org.testng.reporters.JUnitReportReporter -->
<testsuite skipped="0" hostname="LAPTOP-TT66OHT2" name="testng.TestngTest" tests="1" failures="0" timestamp="2019-12-28T14:55:49 CST" time="0.004" errors="0">
  <testcase name="f" time="0.004" classname="testng.TestngTest"/>
</testsuite> <!-- testng.TestngTest -->
