<?xml version="1.0" encoding="UTF-8"?>
<!-- Generated by org.testng.reporters.JUnitReportReporter -->
<testsuite skipped="0" hostname="LAPTOP-TT66OHT2" name="testng.DataProviderTest1" tests="5" failures="0" timestamp="2019-12-28T14:55:49 CST" time="0.259" errors="0">
  <testcase name="parameterIntTest" time="0.051" classname="testng.DataProviderTest1"/>
  <testcase name="parameterIntTest" time="0.052" classname="testng.DataProviderTest1"/>
  <testcase name="parameterIntTest" time="0.052" classname="testng.DataProviderTest1"/>
  <testcase name="parameterIntTest" time="0.052" classname="testng.DataProviderTest1"/>
  <testcase name="parameterIntTest" time="0.052" classname="testng.DataProviderTest1"/>
</testsuite> <!-- testng.DataProviderTest1 -->
