<?xml version="1.0" encoding="UTF-8"?>
<!-- Generated by org.testng.reporters.JUnitReportReporter -->
<testsuite skipped="0" hostname="LAPTOP-TT66OHT2" name="testng.DataProviderTest2" tests="200" failures="0" timestamp="2019-12-28T14:55:49 CST" time="2.060" errors="0">
  <testcase name="parameterIntTest" time="0.003" classname="testng.DataProviderTest2"/>
  <testcase name="parameterIntTest" time="0.026" classname="testng.DataProviderTest2"/>
  <testcase name="parameterIntTest" time="0.008" classname="testng.DataProviderTest2"/>
  <testcase name="parameterIntTest" time="0.003" classname="testng.DataProviderTest2"/>
  <testcase name="parameterIntTest" time="0.004" classname="testng.DataProviderTest2"/>
  <testcase name="parameterIntTest" time="0.003" classname="testng.DataProviderTest2"/>
  <testcase name="parameterIntTest" time="0.052" classname="testng.DataProviderTest2"/>
  <testcase name="parameterIntTest" time="0.003" classname="testng.DataProviderTest2"/>
  <testcase name="parameterIntTest" time="0.014" classname="testng.DataProviderTest2"/>
  <testcase name="parameterIntTest" time="0.003" classname="testng.DataProviderTest2"/>
  <testcase name="parameterIntTest" time="0.044" classname="testng.DataProviderTest2"/>
  <testcase name="parameterIntTest" time="0.015" classname="testng.DataProviderTest2"/>
  <testcase name="parameterIntTest" time="0.018" classname="testng.DataProviderTest2"/>
  <testcase name="parameterIntTest" time="0.003" classname="testng.DataProviderTest2"/>
  <testcase name="parameterIntTest" time="0.001" classname="testng.DataProviderTest2"/>
  <testcase name="parameterIntTest" time="0.001" classname="testng.DataProviderTest2"/>
  <testcase name="parameterIntTest" time="0.003" classname="testng.DataProviderTest2"/>
  <testcase name="parameterIntTest" time="0.003" classname="testng.DataProviderTest2"/>
  <testcase name="parameterIntTest" time="0.008" classname="testng.DataProviderTest2"/>
  <testcase name="parameterIntTest" time="0.012" classname="testng.DataProviderTest2"/>
  <testcase name="parameterIntTest" time="0.004" classname="testng.DataProviderTest2"/>
  <testcase name="parameterIntTest" time="0.019" classname="testng.DataProviderTest2"/>
  <testcase name="parameterIntTest" time="0.006" classname="testng.DataProviderTest2"/>
  <testcase name="parameterIntTest" time="0.004" classname="testng.DataProviderTest2"/>
  <testcase name="parameterIntTest" time="0.003" classname="testng.DataProviderTest2"/>
  <testcase name="parameterIntTest" time="0.006" classname="testng.DataProviderTest2"/>
  <testcase name="parameterIntTest" time="0.008" classname="testng.DataProviderTest2"/>
  <testcase name="parameterIntTest" time="0.004" classname="testng.DataProviderTest2"/>
  <testcase name="parameterIntTest" time="0.022" classname="testng.DataProviderTest2"/>
  <testcase name="parameterIntTest" time="0.018" classname="testng.DataProviderTest2"/>
  <testcase name="parameterIntTest" time="0.002" classname="testng.DataProviderTest2"/>
  <testcase name="parameterIntTest" time="0.002" classname="testng.DataProviderTest2"/>
  <testcase name="parameterIntTest" time="0.004" classname="testng.DataProviderTest2"/>
  <testcase name="parameterIntTest" time="0.019" classname="testng.DataProviderTest2"/>
  <testcase name="parameterIntTest" time="0.009" classname="testng.DataProviderTest2"/>
  <testcase name="parameterIntTest" time="0.010" classname="testng.DataProviderTest2"/>
  <testcase name="parameterIntTest" time="0.003" classname="testng.DataProviderTest2"/>
  <testcase name="parameterIntTest" time="0.004" classname="testng.DataProviderTest2"/>
  <testcase name="parameterIntTest" time="0.004" classname="testng.DataProviderTest2"/>
  <testcase name="parameterIntTest" time="0.002" classname="testng.DataProviderTest2"/>
  <testcase name="parameterIntTest" time="0.008" classname="testng.DataProviderTest2"/>
  <testcase name="parameterIntTest" time="0.006" classname="testng.DataProviderTest2"/>
  <testcase name="parameterIntTest" time="0.002" classname="testng.DataProviderTest2"/>
  <testcase name="parameterIntTest" time="0.004" classname="testng.DataProviderTest2"/>
  <testcase name="parameterIntTest" time="0.005" classname="testng.DataProviderTest2"/>
  <testcase name="parameterIntTest" time="0.011" classname="testng.DataProviderTest2"/>
  <testcase name="parameterIntTest" time="0.031" classname="testng.DataProviderTest2"/>
  <testcase name="parameterIntTest" time="0.003" classname="testng.DataProviderTest2"/>
  <testcase name="parameterIntTest" time="0.016" classname="testng.DataProviderTest2"/>
  <testcase name="parameterIntTest" time="0.011" classname="testng.DataProviderTest2"/>
  <testcase name="parameterIntTest" time="0.005" classname="testng.DataProviderTest2"/>
  <testcase name="parameterIntTest" time="0.009" classname="testng.DataProviderTest2"/>
  <testcase name="parameterIntTest" time="0.014" classname="testng.DataProviderTest2"/>
  <testcase name="parameterIntTest" time="0.004" classname="testng.DataProviderTest2"/>
  <testcase name="parameterIntTest" time="0.007" classname="testng.DataProviderTest2"/>
  <testcase name="parameterIntTest" time="0.007" classname="testng.DataProviderTest2"/>
  <testcase name="parameterIntTest" time="0.023" classname="testng.DataProviderTest2"/>
  <testcase name="parameterIntTest" time="0.035" classname="testng.DataProviderTest2"/>
  <testcase name="parameterIntTest" time="0.019" classname="testng.DataProviderTest2"/>
  <testcase name="parameterIntTest" time="0.007" classname="testng.DataProviderTest2"/>
  <testcase name="parameterIntTest" time="0.008" classname="testng.DataProviderTest2"/>
  <testcase name="parameterIntTest" time="0.023" classname="testng.DataProviderTest2"/>
  <testcase name="parameterIntTest" time="0.068" classname="testng.DataProviderTest2"/>
  <testcase name="parameterIntTest" time="0.009" classname="testng.DataProviderTest2"/>
  <testcase name="parameterIntTest" time="0.012" classname="testng.DataProviderTest2"/>
  <testcase name="parameterIntTest" time="0.022" classname="testng.DataProviderTest2"/>
  <testcase name="parameterIntTest" time="0.006" classname="testng.DataProviderTest2"/>
  <testcase name="parameterIntTest" time="0.007" classname="testng.DataProviderTest2"/>
  <testcase name="parameterIntTest" time="0.004" classname="testng.DataProviderTest2"/>
  <testcase name="parameterIntTest" time="0.007" classname="testng.DataProviderTest2"/>
  <testcase name="parameterIntTest" time="0.018" classname="testng.DataProviderTest2"/>
  <testcase name="parameterIntTest" time="0.016" classname="testng.DataProviderTest2"/>
  <testcase name="parameterIntTest" time="0.031" classname="testng.DataProviderTest2"/>
  <testcase name="parameterIntTest" time="0.003" classname="testng.DataProviderTest2"/>
  <testcase name="parameterIntTest" time="0.009" classname="testng.DataProviderTest2"/>
  <testcase name="parameterIntTest" time="0.005" classname="testng.DataProviderTest2"/>
  <testcase name="parameterIntTest" time="0.004" classname="testng.DataProviderTest2"/>
  <testcase name="parameterIntTest" time="0.003" classname="testng.DataProviderTest2"/>
  <testcase name="parameterIntTest" time="0.007" classname="testng.DataProviderTest2"/>
  <testcase name="parameterIntTest" time="0.024" classname="testng.DataProviderTest2"/>
  <testcase name="parameterIntTest" time="0.003" classname="testng.DataProviderTest2"/>
  <testcase name="parameterIntTest" time="0.015" classname="testng.DataProviderTest2"/>
  <testcase name="parameterIntTest" time="0.003" classname="testng.DataProviderTest2"/>
  <testcase name="parameterIntTest" time="0.003" classname="testng.DataProviderTest2"/>
  <testcase name="parameterIntTest" time="0.015" classname="testng.DataProviderTest2"/>
  <testcase name="parameterIntTest" time="0.014" classname="testng.DataProviderTest2"/>
  <testcase name="parameterIntTest" time="0.025" classname="testng.DataProviderTest2"/>
  <testcase name="parameterIntTest" time="0.003" classname="testng.DataProviderTest2"/>
  <testcase name="parameterIntTest" time="0.004" classname="testng.DataProviderTest2"/>
  <testcase name="parameterIntTest" time="0.015" classname="testng.DataProviderTest2"/>
  <testcase name="parameterIntTest" time="0.016" classname="testng.DataProviderTest2"/>
  <testcase name="parameterIntTest" time="0.007" classname="testng.DataProviderTest2"/>
  <testcase name="parameterIntTest" time="0.007" classname="testng.DataProviderTest2"/>
  <testcase name="parameterIntTest" time="0.005" classname="testng.DataProviderTest2"/>
  <testcase name="parameterIntTest" time="0.003" classname="testng.DataProviderTest2"/>
  <testcase name="parameterIntTest" time="0.017" classname="testng.DataProviderTest2"/>
  <testcase name="parameterIntTest" time="0.003" classname="testng.DataProviderTest2"/>
  <testcase name="parameterIntTest" time="0.007" classname="testng.DataProviderTest2"/>
  <testcase name="parameterIntTest" time="0.025" classname="testng.DataProviderTest2"/>
  <testcase name="parameterIntTest" time="0.016" classname="testng.DataProviderTest2"/>
  <testcase name="parameterIntTest" time="0.025" classname="testng.DataProviderTest2"/>
  <testcase name="parameterIntTest" time="0.005" classname="testng.DataProviderTest2"/>
  <testcase name="parameterIntTest" time="0.027" classname="testng.DataProviderTest2"/>
  <testcase name="parameterIntTest" time="0.004" classname="testng.DataProviderTest2"/>
  <testcase name="parameterIntTest" time="0.007" classname="testng.DataProviderTest2"/>
  <testcase name="parameterIntTest" time="0.002" classname="testng.DataProviderTest2"/>
  <testcase name="parameterIntTest" time="0.011" classname="testng.DataProviderTest2"/>
  <testcase name="parameterIntTest" time="0.004" classname="testng.DataProviderTest2"/>
  <testcase name="parameterIntTest" time="0.002" classname="testng.DataProviderTest2"/>
  <testcase name="parameterIntTest" time="0.002" classname="testng.DataProviderTest2"/>
  <testcase name="parameterIntTest" time="0.002" classname="testng.DataProviderTest2"/>
  <testcase name="parameterIntTest" time="0.003" classname="testng.DataProviderTest2"/>
  <testcase name="parameterIntTest" time="0.028" classname="testng.DataProviderTest2"/>
  <testcase name="parameterIntTest" time="0.013" classname="testng.DataProviderTest2"/>
  <testcase name="parameterIntTest" time="0.007" classname="testng.DataProviderTest2"/>
  <testcase name="parameterIntTest" time="0.032" classname="testng.DataProviderTest2"/>
  <testcase name="parameterIntTest" time="0.006" classname="testng.DataProviderTest2"/>
  <testcase name="parameterIntTest" time="0.006" classname="testng.DataProviderTest2"/>
  <testcase name="parameterIntTest" time="0.018" classname="testng.DataProviderTest2"/>
  <testcase name="parameterIntTest" time="0.004" classname="testng.DataProviderTest2"/>
  <testcase name="parameterIntTest" time="0.004" classname="testng.DataProviderTest2"/>
  <testcase name="parameterIntTest" time="0.005" classname="testng.DataProviderTest2"/>
  <testcase name="parameterIntTest" time="0.013" classname="testng.DataProviderTest2"/>
  <testcase name="parameterIntTest" time="0.023" classname="testng.DataProviderTest2"/>
  <testcase name="parameterIntTest" time="0.005" classname="testng.DataProviderTest2"/>
  <testcase name="parameterIntTest" time="0.003" classname="testng.DataProviderTest2"/>
  <testcase name="parameterIntTest" time="0.015" classname="testng.DataProviderTest2"/>
  <testcase name="parameterIntTest" time="0.003" classname="testng.DataProviderTest2"/>
  <testcase name="parameterIntTest" time="0.009" classname="testng.DataProviderTest2"/>
  <testcase name="parameterIntTest" time="0.005" classname="testng.DataProviderTest2"/>
  <testcase name="parameterIntTest" time="0.015" classname="testng.DataProviderTest2"/>
  <testcase name="parameterIntTest" time="0.020" classname="testng.DataProviderTest2"/>
  <testcase name="parameterIntTest" time="0.011" classname="testng.DataProviderTest2"/>
  <testcase name="parameterIntTest" time="0.007" classname="testng.DataProviderTest2"/>
  <testcase name="parameterIntTest" time="0.009" classname="testng.DataProviderTest2"/>
  <testcase name="parameterIntTest" time="0.024" classname="testng.DataProviderTest2"/>
  <testcase name="parameterIntTest" time="0.005" classname="testng.DataProviderTest2"/>
  <testcase name="parameterIntTest" time="0.005" classname="testng.DataProviderTest2"/>
  <testcase name="parameterIntTest" time="0.007" classname="testng.DataProviderTest2"/>
  <testcase name="parameterIntTest" time="0.002" classname="testng.DataProviderTest2"/>
  <testcase name="parameterIntTest" time="0.001" classname="testng.DataProviderTest2"/>
  <testcase name="parameterIntTest" time="0.002" classname="testng.DataProviderTest2"/>
  <testcase name="parameterIntTest" time="0.002" classname="testng.DataProviderTest2"/>
  <testcase name="parameterIntTest" time="0.001" classname="testng.DataProviderTest2"/>
  <testcase name="parameterIntTest" time="0.006" classname="testng.DataProviderTest2"/>
  <testcase name="parameterIntTest" time="0.003" classname="testng.DataProviderTest2"/>
  <testcase name="parameterIntTest" time="0.005" classname="testng.DataProviderTest2"/>
  <testcase name="parameterIntTest" time="0.006" classname="testng.DataProviderTest2"/>
  <testcase name="parameterIntTest" time="0.004" classname="testng.DataProviderTest2"/>
  <testcase name="parameterIntTest" time="0.005" classname="testng.DataProviderTest2"/>
  <testcase name="parameterIntTest" time="0.004" classname="testng.DataProviderTest2"/>
  <testcase name="parameterIntTest" time="0.003" classname="testng.DataProviderTest2"/>
  <testcase name="parameterIntTest" time="0.005" classname="testng.DataProviderTest2"/>
  <testcase name="parameterIntTest" time="0.014" classname="testng.DataProviderTest2"/>
  <testcase name="parameterIntTest" time="0.009" classname="testng.DataProviderTest2"/>
  <testcase name="parameterIntTest" time="0.016" classname="testng.DataProviderTest2"/>
  <testcase name="parameterIntTest" time="0.033" classname="testng.DataProviderTest2"/>
  <testcase name="parameterIntTest" time="0.004" classname="testng.DataProviderTest2"/>
  <testcase name="parameterIntTest" time="0.004" classname="testng.DataProviderTest2"/>
  <testcase name="parameterIntTest" time="0.003" classname="testng.DataProviderTest2"/>
  <testcase name="parameterIntTest" time="0.002" classname="testng.DataProviderTest2"/>
  <testcase name="parameterIntTest" time="0.015" classname="testng.DataProviderTest2"/>
  <testcase name="parameterIntTest" time="0.033" classname="testng.DataProviderTest2"/>
  <testcase name="parameterIntTest" time="0.008" classname="testng.DataProviderTest2"/>
  <testcase name="parameterIntTest" time="0.007" classname="testng.DataProviderTest2"/>
  <testcase name="parameterIntTest" time="0.026" classname="testng.DataProviderTest2"/>
  <testcase name="parameterIntTest" time="0.022" classname="testng.DataProviderTest2"/>
  <testcase name="parameterIntTest" time="0.009" classname="testng.DataProviderTest2"/>
  <testcase name="parameterIntTest" time="0.002" classname="testng.DataProviderTest2"/>
  <testcase name="parameterIntTest" time="0.003" classname="testng.DataProviderTest2"/>
  <testcase name="parameterIntTest" time="0.005" classname="testng.DataProviderTest2"/>
  <testcase name="parameterIntTest" time="0.003" classname="testng.DataProviderTest2"/>
  <testcase name="parameterIntTest" time="0.011" classname="testng.DataProviderTest2"/>
  <testcase name="parameterIntTest" time="0.018" classname="testng.DataProviderTest2"/>
  <testcase name="parameterIntTest" time="0.002" classname="testng.DataProviderTest2"/>
  <testcase name="parameterIntTest" time="0.012" classname="testng.DataProviderTest2"/>
  <testcase name="parameterIntTest" time="0.017" classname="testng.DataProviderTest2"/>
  <testcase name="parameterIntTest" time="0.008" classname="testng.DataProviderTest2"/>
  <testcase name="parameterIntTest" time="0.008" classname="testng.DataProviderTest2"/>
  <testcase name="parameterIntTest" time="0.015" classname="testng.DataProviderTest2"/>
  <testcase name="parameterIntTest" time="0.008" classname="testng.DataProviderTest2"/>
  <testcase name="parameterIntTest" time="0.011" classname="testng.DataProviderTest2"/>
  <testcase name="parameterIntTest" time="0.029" classname="testng.DataProviderTest2"/>
  <testcase name="parameterIntTest" time="0.006" classname="testng.DataProviderTest2"/>
  <testcase name="parameterIntTest" time="0.008" classname="testng.DataProviderTest2"/>
  <testcase name="parameterIntTest" time="0.003" classname="testng.DataProviderTest2"/>
  <testcase name="parameterIntTest" time="0.003" classname="testng.DataProviderTest2"/>
  <testcase name="parameterIntTest" time="0.018" classname="testng.DataProviderTest2"/>
  <testcase name="parameterIntTest" time="0.007" classname="testng.DataProviderTest2"/>
  <testcase name="parameterIntTest" time="0.016" classname="testng.DataProviderTest2"/>
  <testcase name="parameterIntTest" time="0.003" classname="testng.DataProviderTest2"/>
  <testcase name="parameterIntTest" time="0.009" classname="testng.DataProviderTest2"/>
  <testcase name="parameterIntTest" time="0.002" classname="testng.DataProviderTest2"/>
  <testcase name="parameterIntTest" time="0.017" classname="testng.DataProviderTest2"/>
  <testcase name="parameterIntTest" time="0.005" classname="testng.DataProviderTest2"/>
  <testcase name="parameterIntTest" time="0.008" classname="testng.DataProviderTest2"/>
  <testcase name="parameterIntTest" time="0.002" classname="testng.DataProviderTest2"/>
  <testcase name="parameterIntTest" time="0.018" classname="testng.DataProviderTest2"/>
  <testcase name="parameterIntTest" time="0.002" classname="testng.DataProviderTest2"/>
  <testcase name="parameterIntTest" time="0.032" classname="testng.DataProviderTest2"/>
</testsuite> <!-- testng.DataProviderTest2 -->
