<?xml version="1.0" encoding="UTF-8"?>
<!-- Generated by org.testng.reporters.JUnitReportReporter -->
<testsuite skipped="0" hostname="LAPTOP-TT66OHT2" name="testng.TestngTest3" tests="4" failures="0" timestamp="2019-12-28T14:55:49 CST" time="0.011" errors="0">
  <testcase name="b" time="0.003" classname="testng.TestngTest3"/>
  <testcase name="c" time="0.003" classname="testng.TestngTest3"/>
  <testcase name="f2" time="0.002" classname="testng.TestngTest3"/>
  <testcase name="a" time="0.003" classname="testng.TestngTest3"/>
</testsuite> <!-- testng.TestngTest3 -->
